[debug] [2020-03-09T21:22:49.629Z] ----------------------------------------------------------------------
[debug] [2020-03-09T21:22:49.631Z] Command:       C:\Program Files\nodejs\node.exe C:\Users\Ewelina\AppData\Roaming\npm\node_modules\firebase-tools\lib\bin\firebase.js deploy
[debug] [2020-03-09T21:22:49.632Z] CLI Version:   7.0.2
[debug] [2020-03-09T21:22:49.632Z] Platform:      win32
[debug] [2020-03-09T21:22:49.632Z] Node Version:  v10.15.3
[debug] [2020-03-09T21:22:49.633Z] Time:          Mon Mar 09 2020 22:22:49 GMT+0100 (GMT+01:00)
[debug] [2020-03-09T21:22:49.633Z] ----------------------------------------------------------------------
[debug] 
[debug] [2020-03-09T21:22:49.653Z] > command requires scopes: ["email","openid","https://www.googleapis.com/auth/cloudplatformprojects.readonly","https://www.googleapis.com/auth/firebase","https://www.googleapis.com/auth/cloud-platform"]
[debug] [2020-03-09T21:22:49.654Z] > authorizing via signed-in user
[debug] [2020-03-09T21:22:49.654Z] [iam] checking project money-flow-budget-tracker for permissions ["firebase.projects.get","firebasehosting.sites.update"]
[debug] [2020-03-09T21:22:49.656Z] > refreshing access token with scopes: ["email","https://www.googleapis.com/auth/cloud-platform","https://www.googleapis.com/auth/cloudplatformprojects.readonly","https://www.googleapis.com/auth/firebase","openid"]
[debug] [2020-03-09T21:22:49.656Z] >>> HTTP REQUEST POST https://www.googleapis.com/oauth2/v3/token  
 <request body omitted>
[debug] [2020-03-09T21:22:49.832Z] <<< HTTP RESPONSE 200
[debug] [2020-03-09T21:22:49.844Z] >>> HTTP REQUEST POST https://cloudresourcemanager.googleapis.com/v1/projects/money-flow-budget-tracker:testIamPermissions  

[debug] [2020-03-09T21:22:50.787Z] <<< HTTP RESPONSE 200
[debug] [2020-03-09T21:22:50.789Z] >>> HTTP REQUEST GET https://firebase.googleapis.com/v1beta1/projects/money-flow-budget-tracker  
 
[debug] [2020-03-09T21:22:51.391Z] <<< HTTP RESPONSE 200
[info] 
[info] === Deploying to 'money-flow-budget-tracker'...
[info] 
[info] i  deploying hosting
[debug] [2020-03-09T21:22:51.396Z] >>> HTTP REQUEST POST https://firebasehosting.googleapis.com/v1beta1/sites/money-flow-budget-tracker/versions  

[debug] [2020-03-09T21:22:53.875Z] <<< HTTP RESPONSE 200
[info] i  hosting[money-flow-budget-tracker]: beginning deploy...
[info] i  hosting[money-flow-budget-tracker]: found 34 files in dist/budget-tracker
[debug] [2020-03-09T21:22:53.898Z] [hosting] hash cache [ZGlzdFxidWRnZXQtdHJhY2tlcg] load error: lines is not defined
[debug] [2020-03-09T21:22:54.764Z] [hosting] hash cache [ZGlzdFxidWRnZXQtdHJhY2tlcg] stored for 34 files
[debug] [2020-03-09T21:22:54.764Z] [hosting][hash queue][FINAL]
[debug] [2020-03-09T21:22:54.765Z] >>> HTTP REQUEST POST https://firebasehosting.googleapis.com/v1beta1/sites/money-flow-budget-tracker/versions/930c280bf5846b65:populateFiles  
 <request body omitted>
[debug] [2020-03-09T21:22:56.095Z] <<< HTTP RESPONSE 200
[debug] [2020-03-09T21:22:56.106Z] [hosting][populate queue][FINAL]
[debug] [2020-03-09T21:22:56.106Z] [hosting] uploads queued: 26
